<?xml version="1.0" encoding="UTF-8"?>
<robot generator="Robot 6.1.1 (Python 3.11.5 on win32)" generated="20250501 15:05:04.238" rpa="false" schemaversion="4">
<suite id="s1" name="Testcase1" source="D:\Glory Files\Automation prac\glory's_website_project\Testcases\testcase1.robot">
<test id="s1-t1" name="LoginTest" line="9">
<status status="FAIL" starttime="20250501 15:05:04.761" endtime="20250501 15:05:04.762">Test cannot be empty.</status>
</test>
<status status="FAIL" starttime="20250501 15:05:04.243" endtime="20250501 15:05:04.763"/>
</suite>
<statistics>
<total>
<stat pass="0" fail="1" skip="0">All Tests</stat>
</total>
<tag>
</tag>
<suite>
<stat pass="0" fail="1" skip="0" id="s1" name="Testcase1">Testcase1</stat>
</suite>
</statistics>
<errors>
</errors>
</robot>
