<?xml version="1.0" encoding="UTF-8"?>
<robot generator="Robot 7.2.2 (Python 3.11.5 on win32)" generated="2025-05-16T10:15:02.860620" rpa="false" schemaversion="5">
<suite id="s1" name="Login Test" source="D:\Glory Files\Automation prac\glory's_website_project\saucedemo_tests\Testcases\login_test.robot">
<test id="s1-t1" name="Valid Login To SauceDemo" line="6">
<kw name="Open Browser" owner="SeleniumLibrary">
<msg time="2025-05-16T10:15:03.223587" level="INFO">Opening browser 'chrome' to base url 'https://www.saucedemo.com/'.</msg>
<arg>${URL}</arg>
<arg>${BROWSER}</arg>
<doc>Opens a new browser instance to the optional ``url``.</doc>
<status status="PASS" start="2025-05-16T10:15:03.223587" elapsed="3.062717"/>
</kw>
<kw name="Maximize Browser Window" owner="SeleniumLibrary">
<doc>Maximizes current browser window.</doc>
<status status="PASS" start="2025-05-16T10:15:06.286304" elapsed="0.034553"/>
</kw>
<kw name="Input Text" owner="SeleniumLibrary">
<msg time="2025-05-16T10:15:06.321914" level="INFO">Typing text 'standard_user' into text field 'id=user-name'.</msg>
<arg>id=user-name</arg>
<arg>${USERNAME}</arg>
<doc>Types the given ``text`` into the text field identified by ``locator``.</doc>
<status status="PASS" start="2025-05-16T10:15:06.321914" elapsed="0.106169"/>
</kw>
<kw name="Input Text" owner="SeleniumLibrary">
<msg time="2025-05-16T10:15:06.428083" level="INFO">Typing text 'secret_sauce' into text field 'id=password'.</msg>
<arg>id=password</arg>
<arg>${PASSWORD}</arg>
<doc>Types the given ``text`` into the text field identified by ``locator``.</doc>
<status status="PASS" start="2025-05-16T10:15:06.428083" elapsed="0.095244"/>
</kw>
<kw name="Click Button" owner="SeleniumLibrary">
<msg time="2025-05-16T10:15:06.523327" level="INFO">Clicking button 'id=login-button'.</msg>
<arg>id=login-button</arg>
<doc>Clicks the button identified by ``locator``.</doc>
<status status="PASS" start="2025-05-16T10:15:06.523327" elapsed="0.101544"/>
</kw>
<kw name="Wait Until Element Is Visible" owner="SeleniumLibrary">
<arg>${LOGIN_SUCCESS}</arg>
<arg>timeout=5s</arg>
<doc>Waits until the element ``locator`` is visible.</doc>
<status status="PASS" start="2025-05-16T10:15:06.624871" elapsed="0.312603"/>
</kw>
<kw name="Page Should Contain Element" owner="SeleniumLibrary">
<msg time="2025-05-16T10:15:06.937474" level="INFO">Current page contains element 'xpath=//span[text()='Products']'.</msg>
<arg>${LOGIN_SUCCESS}</arg>
<doc>Verifies that element ``locator`` is found on the current page.</doc>
<status status="PASS" start="2025-05-16T10:15:06.937474" elapsed="0.000000"/>
</kw>
<kw name="Close Browser" owner="SeleniumLibrary">
<doc>Closes the current browser.</doc>
<status status="PASS" start="2025-05-16T10:15:06.937474" elapsed="2.207310"/>
</kw>
<doc>Verify user can log in with valid credentials.</doc>
<status status="PASS" start="2025-05-16T10:15:03.223587" elapsed="5.921197"/>
</test>
<status status="PASS" start="2025-05-16T10:15:02.866655" elapsed="6.278129"/>
</suite>
<statistics>
<total>
<stat pass="1" fail="0" skip="0">All Tests</stat>
</total>
<tag>
</tag>
<suite>
<stat name="Login Test" id="s1" pass="1" fail="0" skip="0">Login Test</stat>
</suite>
</statistics>
<errors>
</errors>
</robot>
